0 verbose cli /usr/local/bin/node /usr/local/bin/npm
1 info using npm@11.6.2
2 info using node@v20.19.5
3 silly config load:file:/usr/local/lib/node_modules/npm/npmrc
4 silly config load:file:/home/container/.npmrc
5 silly config load:file:/usr/local/etc/npmrc
6 verbose title npm install
7 verbose argv "install"
8 verbose logfile logs-max:10 dir:/home/container/.npm/_logs/2025-11-22T02_47_21_592Z-
9 verbose logfile /home/container/.npm/_logs/2025-11-22T02_47_21_592Z-debug-0.log
10 silly logfile start cleaning logs, removing 1 files
11 silly packumentCache heap:524812288 maxSize:131203072 maxEntrySize:65601536
12 silly logfile done cleaning log files
13 verbose shrinkwrap failed to load node_modules/.package-lock.json out of date, updated: node_modules
14 silly idealTree buildDeps
15 silly reify moves {}
16 silly audit bulk request {
16 silly audit   '@discordjs/builders': [ '1.13.0' ],
16 silly audit   '@discordjs/collection': [ '1.5.3', '2.1.1' ],
16 silly audit   '@discordjs/formatters': [ '0.6.2' ],
16 silly audit   '@discordjs/rest': [ '2.6.0' ],
16 silly audit   '@discordjs/util': [ '1.2.0' ],
16 silly audit   '@discordjs/ws': [ '1.2.3' ],
16 silly audit   '@mongodb-js/saslprep': [ '1.3.2' ],
16 silly audit   '@sapphire/async-queue': [ '1.5.5' ],
16 silly audit   '@sapphire/shapeshift': [ '4.0.0' ],
16 silly audit   '@sapphire/snowflake': [ '3.5.3' ],
16 silly audit   '@types/node': [ '24.10.1' ],
16 silly audit   '@types/webidl-conversions': [ '7.0.3' ],
16 silly audit   '@types/whatwg-url': [ '11.0.5' ],
16 silly audit   '@types/ws': [ '8.18.1' ],
16 silly audit   '@vladfrangu/async_event_emitter': [ '2.4.7' ],
16 silly audit   bson: [ '6.10.4' ],
16 silly audit   debug: [ '4.4.3' ],
16 silly audit   'discord-api-types': [ '0.38.34' ],
16 silly audit   'discord.js': [ '14.25.0' ],
16 silly audit   dotenv: [ '17.2.3' ],
16 silly audit   'fast-deep-equal': [ '3.1.3' ],
16 silly audit   kareem: [ '2.6.3' ],
16 silly audit   lodash: [ '4.17.21' ],
16 silly audit   'lodash.snakecase': [ '4.1.1' ],
16 silly audit   'magic-bytes.js': [ '1.12.1' ],
16 silly audit   'memory-pager': [ '1.5.0' ],
16 silly audit   mongodb: [ '6.20.0' ],
16 silly audit   'mongodb-connection-string-url': [ '3.0.2' ],
16 silly audit   mongoose: [ '8.20.0' ],
16 silly audit   mpath: [ '0.9.0' ],
16 silly audit   mquery: [ '5.0.0' ],
16 silly audit   ms: [ '2.1.3' ],
16 silly audit   punycode: [ '2.3.1' ],
16 silly audit   sift: [ '17.1.3' ],
16 silly audit   'sparse-bitfield': [ '3.0.3' ],
16 silly audit   tr46: [ '5.1.1' ],
16 silly audit   'ts-mixer': [ '6.0.4' ],
16 silly audit   tslib: [ '2.8.1' ],
16 silly audit   undici: [ '6.21.3' ],
16 silly audit   'undici-types': [ '7.16.0' ],
16 silly audit   uuid: [ '13.0.0' ],
16 silly audit   'webidl-conversions': [ '7.0.0' ],
16 silly audit   'whatwg-url': [ '14.2.0' ],
16 silly audit   ws: [ '8.18.3' ]
16 silly audit }
17 http fetch POST 200 https://registry.npmjs.org/-/npm/v1/security/advisories/bulk 211ms
18 silly audit report {}
19 verbose cwd /home/container
20 verbose os Linux 5.4.0-211-generic
21 verbose node v20.19.5
22 verbose npm  v11.6.2
23 verbose exit 0
24 info ok
